This is pdfTeX, Version 3.14159265-2.6-1.40.16 (MiKTeX 2.9) (preloaded format=pdflatex 2015.11.5)  2 MAY 2016 08:55
entering extended mode
**"C:/Users/Benjamin/Documents/Dissertation/Final Report/Final Report Tex/proje
ctpaper.tex"

("C:/Users/Benjamin/Documents/Dissertation/Final Report/Final Report Tex/projec
tpaper.tex"
LaTeX2e <2015/01/01> patch level 2
Babel <3.9m> and hyphenation patterns for 69 languages loaded.
("C:\Program Files (x86)\MiKTeX 2.9\tex\latex\base\article.cls"
Document Class: article 2014/09/29 v1.4h Standard LaTeX document class
("C:\Program Files (x86)\MiKTeX 2.9\tex\latex\base\size12.clo"
File: size12.clo 2014/09/29 v1.4h Standard LaTeX file (size option)
)
\c@part=\count79
\c@section=\count80
\c@subsection=\count81
\c@subsubsection=\count82
\c@paragraph=\count83
\c@subparagraph=\count84
\c@figure=\count85
\c@table=\count86
\abovecaptionskip=\skip41
\belowcaptionskip=\skip42
\bibindent=\dimen102
)
("C:\Program Files (x86)\MiKTeX 2.9\tex\latex\psnfss\times.sty"
Package: times 2005/04/12 PSNFSS-v9.2a (SPQR) 
)
(durhampaper.sty
Durham CS undergraduate paper style 'durhampaper.sty'.
) ("C:\Program Files (x86)\MiKTeX 2.9\tex\latex\harvard\harvard.sty"
Package: harvard 

("C:\Program Files (x86)\MiKTeX 2.9\tex\latex\base\ifthen.sty"
Package: ifthen 2014/09/29 v1.1c Standard LaTeX ifthen package (DPC)
)
("C:\Program Files (x86)\MiKTeX 2.9\tex\latex\latex2html\html.sty"
("C:\Program Files (x86)\MiKTeX 2.9\tex\latex\hyperref\hyperref.sty"
Package: hyperref 2012/11/06 v6.83m Hypertext links for LaTeX

("C:\Program Files (x86)\MiKTeX 2.9\tex\generic\oberdiek\hobsub-hyperref.sty"
Package: hobsub-hyperref 2012/04/25 v1.12 Bundle oberdiek, subset hyperref (HO)


("C:\Program Files (x86)\MiKTeX 2.9\tex\generic\oberdiek\hobsub-generic.sty"
Package: hobsub-generic 2012/04/25 v1.12 Bundle oberdiek, subset generic (HO)
Package: hobsub 2012/04/25 v1.12 Construct package bundles (HO)
Package: infwarerr 2010/04/08 v1.3 Providing info/warning/error messages (HO)
Package: ltxcmds 2011/11/09 v1.22 LaTeX kernel commands for general use (HO)
Package: ifluatex 2010/03/01 v1.3 Provides the ifluatex switch (HO)
Package ifluatex Info: LuaTeX not detected.
Package: ifvtex 2010/03/01 v1.5 Detect VTeX and its facilities (HO)
Package ifvtex Info: VTeX not detected.
Package: intcalc 2007/09/27 v1.1 Expandable calculations with integers (HO)
Package: ifpdf 2011/01/30 v2.3 Provides the ifpdf switch (HO)
Package ifpdf Info: pdfTeX in PDF mode is detected.
Package: etexcmds 2011/02/16 v1.5 Avoid name clashes with e-TeX commands (HO)
Package etexcmds Info: Could not find \expanded.
(etexcmds)             That can mean that you are not using pdfTeX 1.50 or
(etexcmds)             that some package has redefined \expanded.
(etexcmds)             In the latter case, load this package earlier.
Package: kvsetkeys 2012/04/25 v1.16 Key value parser (HO)
Package: kvdefinekeys 2011/04/07 v1.3 Define keys (HO)
Package: pdftexcmds 2011/11/29 v0.20 Utility functions of pdfTeX for LuaTeX (HO
)
Package pdftexcmds Info: LuaTeX not detected.
Package pdftexcmds Info: \pdf@primitive is available.
Package pdftexcmds Info: \pdf@ifprimitive is available.
Package pdftexcmds Info: \pdfdraftmode found.
Package: pdfescape 2011/11/25 v1.13 Implements pdfTeX's escape features (HO)
Package: bigintcalc 2012/04/08 v1.3 Expandable calculations on big integers (HO
)
Package: bitset 2011/01/30 v1.1 Handle bit-vector datatype (HO)
Package: uniquecounter 2011/01/30 v1.2 Provide unlimited unique counter (HO)
)
Package hobsub Info: Skipping package `hobsub' (already loaded).
Package: letltxmacro 2010/09/02 v1.4 Let assignment for LaTeX macros (HO)
Package: hopatch 2011/06/24 v1.1 Wrapper for package hooks (HO)
Package: xcolor-patch 2011/01/30 xcolor patch
Package: atveryend 2011/06/30 v1.8 Hooks at the very end of document (HO)
Package atveryend Info: \enddocument detected (standard20110627).
Package: atbegshi 2011/10/05 v1.16 At begin shipout hook (HO)
Package: refcount 2011/10/16 v3.4 Data extraction from label references (HO)
Package: hycolor 2011/01/30 v1.7 Color options for hyperref/bookmark (HO)
)
("C:\Program Files (x86)\MiKTeX 2.9\tex\latex\graphics\keyval.sty"
Package: keyval 2014/10/28 v1.15 key=value parser (DPC)
\KV@toks@=\toks14
)
("C:\Program Files (x86)\MiKTeX 2.9\tex\generic\ifxetex\ifxetex.sty"
Package: ifxetex 2010/09/12 v0.6 Provides ifxetex conditional
)
("C:\Program Files (x86)\MiKTeX 2.9\tex\latex\oberdiek\auxhook.sty"
Package: auxhook 2011/03/04 v1.3 Hooks for auxiliary files (HO)
)
("C:\Program Files (x86)\MiKTeX 2.9\tex\latex\oberdiek\kvoptions.sty"
Package: kvoptions 2011/06/30 v3.11 Key value format for package options (HO)
)
\@linkdim=\dimen103
\Hy@linkcounter=\count87
\Hy@pagecounter=\count88

("C:\Program Files (x86)\MiKTeX 2.9\tex\latex\hyperref\pd1enc.def"
File: pd1enc.def 2012/11/06 v6.83m Hyperref: PDFDocEncoding definition (HO)
)
\Hy@SavedSpaceFactor=\count89

("C:\Program Files (x86)\MiKTeX 2.9\tex\latex\00miktex\hyperref.cfg"
File: hyperref.cfg 2002/06/06 v1.2 hyperref configuration of TeXLive
)
Package hyperref Info: Hyper figures OFF on input line 4443.
Package hyperref Info: Link nesting OFF on input line 4448.
Package hyperref Info: Hyper index ON on input line 4451.
Package hyperref Info: Plain pages OFF on input line 4458.
Package hyperref Info: Backreferencing OFF on input line 4463.
Package hyperref Info: Implicit mode ON; LaTeX internals redefined.
Package hyperref Info: Bookmarks ON on input line 4688.
\c@Hy@tempcnt=\count90

("C:\Program Files (x86)\MiKTeX 2.9\tex\latex\url\url.sty"
\Urlmuskip=\muskip10
Package: url 2013/09/16  ver 3.4  Verb mode for urls, etc.
)
LaTeX Info: Redefining \url on input line 5041.
\XeTeXLinkMargin=\dimen104
\Fld@menulength=\count91
\Field@Width=\dimen105
\Fld@charsize=\dimen106
Package hyperref Info: Hyper figures OFF on input line 6295.
Package hyperref Info: Link nesting OFF on input line 6300.
Package hyperref Info: Hyper index ON on input line 6303.
Package hyperref Info: backreferencing OFF on input line 6310.
Package hyperref Info: Link coloring OFF on input line 6315.
Package hyperref Info: Link coloring with OCG OFF on input line 6320.
Package hyperref Info: PDF/A mode OFF on input line 6325.
LaTeX Info: Redefining \ref on input line 6365.
LaTeX Info: Redefining \pageref on input line 6369.
\Hy@abspage=\count92
\c@Item=\count93
\c@Hfootnote=\count94
)

Package hyperref Message: Driver (autodetected): hpdftex.

("C:\Program Files (x86)\MiKTeX 2.9\tex\latex\hyperref\hpdftex.def"
File: hpdftex.def 2012/11/06 v6.83m Hyperref driver for pdfTeX
\Fld@listcount=\count95
\c@bookmark@seq@number=\count96

("C:\Program Files (x86)\MiKTeX 2.9\tex\latex\oberdiek\rerunfilecheck.sty"
Package: rerunfilecheck 2011/04/15 v1.7 Rerun checks for auxiliary files (HO)
Package uniquecounter Info: New unique counter `rerunfilecheck' on input line 2
82.
)
\Hy@SectionHShift=\skip43
)
Package: html 1999/07/19 v1.38 hypertext commands for latex2html (nd, hws, rrm)

\c@lpart=\count97
\c@lchapter=\count98
\c@chapter=\count99
\c@lsection=\count100
\c@lsubsection=\count101
\c@lsubsubsection=\count102
\c@lparagraph=\count103
\c@lsubparagraph=\count104
\c@lsubsubparagraph=\count105
\ptrfile=\write3
))
("C:\Program Files (x86)\MiKTeX 2.9\tex\latex\underscore\underscore.sty"
Package: underscore 2006/09/13
LaTeX Info: Redefining \_ on input line 42.
)
("C:\Program Files (x86)\MiKTeX 2.9\tex\latex\graphics\graphicx.sty"
Package: graphicx 2014/10/28 v1.0g Enhanced LaTeX Graphics (DPC,SPQR)

("C:\Program Files (x86)\MiKTeX 2.9\tex\latex\graphics\graphics.sty"
Package: graphics 2014/10/28 v1.0p Standard LaTeX Graphics (DPC,SPQR)

("C:\Program Files (x86)\MiKTeX 2.9\tex\latex\graphics\trig.sty"
Package: trig 1999/03/16 v1.09 sin cos tan (DPC)
)
("C:\Program Files (x86)\MiKTeX 2.9\tex\latex\00miktex\graphics.cfg"
File: graphics.cfg 2007/01/18 v1.5 graphics configuration of teTeX/TeXLive
)
Package graphics Info: Driver file: pdftex.def on input line 94.

("C:\Program Files (x86)\MiKTeX 2.9\tex\latex\pdftex-def\pdftex.def"
File: pdftex.def 2011/05/27 v0.06d Graphics/color for pdfTeX
\Gread@gobject=\count106
))
\Gin@req@height=\dimen107
\Gin@req@width=\dimen108
)
("C:\Program Files (x86)\MiKTeX 2.9\tex\latex\caption\caption.sty"
Package: caption 2016/02/21 v3.3-144 Customizing captions (AR)

("C:\Program Files (x86)\MiKTeX 2.9\tex\latex\caption\caption3.sty"
Package: caption3 2016/02/04 v1.7-139 caption3 kernel (AR)
Package caption3 Info: TeX engine: e-TeX on input line 67.
\captionmargin=\dimen109
\captionmargin@=\dimen110
\captionwidth=\dimen111
\caption@tempdima=\dimen112
\caption@indent=\dimen113
\caption@parindent=\dimen114
\caption@hangindent=\dimen115
)
\c@ContinuedFloat=\count107
Package caption Info: hyperref package is loaded.
)
("C:\Program Files (x86)\MiKTeX 2.9\tex\latex\caption\subcaption.sty"
Package: subcaption 2016/02/20 v1.1-142 Sub-captions (AR)
\c@subfigure=\count108
\c@subtable=\count109
)
("C:\Program Files (x86)\MiKTeX 2.9\tex\latex\savetrees\savetrees.sty"
Package: savetrees 2014/12/19 v2.3 Pack as much text as possible onto each page


("C:\Program Files (x86)\MiKTeX 2.9\tex\latex\xkeyval\xkeyval.sty"
Package: xkeyval 2014/12/03 v2.7a package option processing (HA)

("C:\Program Files (x86)\MiKTeX 2.9\tex\generic\xkeyval\xkeyval.tex"
("C:\Program Files (x86)\MiKTeX 2.9\tex\generic\xkeyval\xkvutils.tex"
\XKV@toks=\toks15
\XKV@tempa@toks=\toks16
)
\XKV@depth=\count110
File: xkeyval.tex 2014/12/03 v2.7a key=value parser (HA)
))
\everypar=\toks17
)
("C:\Program Files (x86)\MiKTeX 2.9\tex\latex\microtype\microtype.sty"
Package: microtype 2013/05/23 v2.5a Micro-typographical refinements (RS)
\MT@toks=\toks18
\MT@count=\count111
LaTeX Info: Redefining \textls on input line 766.
\MT@outer@kern=\dimen116
LaTeX Info: Redefining \textmicrotypecontext on input line 1285.
\MT@listname@count=\count112

("C:\Program Files (x86)\MiKTeX 2.9\tex\latex\microtype\microtype-pdftex.def"
File: microtype-pdftex.def 2013/05/23 v2.5a Definitions specific to pdftex (RS)

LaTeX Info: Redefining \lsstyle on input line 915.
LaTeX Info: Redefining \lslig on input line 915.
\MT@outer@space=\skip44
)
Package microtype Info: Loading configuration file microtype.cfg.

("C:\Program Files (x86)\MiKTeX 2.9\tex\latex\microtype\microtype.cfg"
File: microtype.cfg 2013/05/23 v2.5a microtype main configuration file (RS)
))
("C:\Program Files (x86)\MiKTeX 2.9\tex\latex\algorithm2e\algorithm2e.sty"
Package: algorithm2e 2013/01/06 v5.00 algorithms environments
\c@AlgoLine=\count113
\algocf@hangindent=\skip45

("C:\Program Files (x86)\MiKTeX 2.9\tex\latex\tools\xspace.sty"
Package: xspace 2014/10/28 v1.13 Space after command names (DPC,MH)
)
("C:\Program Files (x86)\MiKTeX 2.9\tex\latex\ltxmisc\relsize.sty"
Package: relsize 2003/07/04 ver 3.1
)
********************************************************
Package `algorithm2e' Release 5.1 -- october 19 2015 --
- algorithm2e-announce@lirmm.fr mailing list for announcement about releases
- algorithm2e-discussion@lirmm.fr mailing list for discussion about package
subscribe by emailing sympa@lirmm.fr with 'subscribe <list> <firstname name>'
- Author: Christophe Fiorio (christophe.fiorio@umontpellier.fr)
********************************************************
\skiptotal=\skip46
\skiplinenumber=\skip47
\skiprule=\skip48
\skiphlne=\skip49
\skiptext=\skip50
\skiplength=\skip51
\algomargin=\skip52
\skipalgocfslide=\skip53
\algowidth=\dimen117
\inoutsize=\dimen118
\inoutindent=\dimen119
\interspacetitleruled=\dimen120
\interspacealgoruled=\dimen121
\interspacetitleboxruled=\dimen122
\algocf@ruledwidth=\skip54
\algocf@inoutbox=\box26
\algocf@inputbox=\box27
\AlCapSkip=\skip55
\AlCapHSkip=\skip56
\algoskipindent=\skip57
\algocf@nlbox=\box28
\algocf@hangingbox=\box29
\algocf@untilbox=\box30
\algocf@skipuntil=\skip58
\algocf@capbox=\box31
\algoheightruledefault=\skip59
\algoheightrule=\skip60
\algotitleheightruledefault=\skip61
\algotitleheightrule=\skip62
\c@algocfline=\count114
\c@algocfproc=\count115
\c@algocf=\count116
\algocf@algoframe=\box32
\algocf@algobox=\box33
) ("C:\Program Files (x86)\MiKTeX 2.9\tex\latex\etoolbox\etoolbox.sty"
Package: etoolbox 2015/08/02 v2.2a e-TeX tools for LaTeX (JAW)
\etb@tempcnta=\count117


Package etoolbox Warning: Patching '\begin' failed!
(etoolbox)                '\AtBeginEnvironment' will not work.

) (projectpaper.aux)
LaTeX Font Info:    Checking defaults for OML/cmm/m/it on input line 31.
LaTeX Font Info:    ... okay on input line 31.
LaTeX Font Info:    Checking defaults for T1/cmr/m/n on input line 31.
LaTeX Font Info:    ... okay on input line 31.
LaTeX Font Info:    Checking defaults for OT1/cmr/m/n on input line 31.
LaTeX Font Info:    ... okay on input line 31.
LaTeX Font Info:    Checking defaults for OMS/cmsy/m/n on input line 31.
LaTeX Font Info:    ... okay on input line 31.
LaTeX Font Info:    Checking defaults for OMX/cmex/m/n on input line 31.
LaTeX Font Info:    ... okay on input line 31.
LaTeX Font Info:    Checking defaults for U/cmr/m/n on input line 31.
LaTeX Font Info:    ... okay on input line 31.
LaTeX Font Info:    Checking defaults for PD1/pdf/m/n on input line 31.
LaTeX Font Info:    ... okay on input line 31.
LaTeX Font Info:    Try loading font information for OT1+ptm on input line 31.

("C:\Program Files (x86)\MiKTeX 2.9\tex\latex\psnfss\ot1ptm.fd"
File: ot1ptm.fd 2001/06/04 font definitions for OT1/ptm.
)
\AtBeginShipoutBox=\box34
Package hyperref Info: Link coloring OFF on input line 31.

("C:\Program Files (x86)\MiKTeX 2.9\tex\latex\hyperref\nameref.sty"
Package: nameref 2012/10/27 v2.43 Cross-referencing by name of section

("C:\Program Files (x86)\MiKTeX 2.9\tex\generic\oberdiek\gettitlestring.sty"
Package: gettitlestring 2010/12/03 v1.4 Cleanup title references (HO)
)
\c@section@level=\count118
)
LaTeX Info: Redefining \ref on input line 31.
LaTeX Info: Redefining \pageref on input line 31.
LaTeX Info: Redefining \nameref on input line 31.

(projectpaper.out) (projectpaper.out)
\@outlinefile=\write4
Package hyperref Info: *** compatibility with harvard ****  on input line 31.

("C:\Program Files (x86)\MiKTeX 2.9\tex\context\base\supp-pdf.mkii"
[Loading MPS to PDF converter (version 2006.09.02).]
\scratchcounter=\count119
\scratchdimen=\dimen123
\scratchbox=\box35
\nofMPsegments=\count120
\nofMParguments=\count121
\everyMPshowfont=\toks19
\MPscratchCnt=\count122
\MPscratchDim=\dimen124
\MPnumerator=\count123
\makeMPintoPDFobject=\count124
\everyMPtoPDFconversion=\toks20
)
Package caption Info: Begin \AtBeginDocument code.
Package caption Info: End \AtBeginDocument code.
LaTeX Info: Redefining \microtypecontext on input line 31.
Package microtype Info: Generating PDF output.
Package microtype Info: Character protrusion enabled (level 2).
Package microtype Info: Using default protrusion set `alltext'.
Package microtype Info: Automatic font expansion enabled (level 2),
(microtype)             stretch: 20, shrink: 20, step: 1, non-selected.
Package microtype Info: Using default expansion set `basictext'.
Package microtype Info: Tracking enabled.
Package microtype Info: Using tracking set `all'.
Package microtype Info: No adjustment of interword spacing.
Package microtype Info: No adjustment of character kerning.
 ("C:\Program Files (x86)\MiKTeX 2.9\tex\latex\microtype\mt-ptm.cfg"
File: mt-ptm.cfg 2006/04/20 v1.7 microtype config. file: Times (RS)
)
LaTeX Font Info:    Font shape `OT1/ptm/bx/n' in size <10.95> not available
(Font)              Font shape `OT1/ptm/b/n' tried instead on input line 35.
LaTeX Font Info:    Font shape `OT1/ptm/bx/it' in size <10.95> not available
(Font)              Font shape `OT1/ptm/b/it' tried instead on input line 35.
LaTeX Font Info:    Font shape `OT1/ptm/bx/n' in size <12> not available
(Font)              Font shape `OT1/ptm/b/n' tried instead on input line 72.
LaTeX Font Info:    Font shape `OT1/ptm/bx/it' in size <12> not available
(Font)              Font shape `OT1/ptm/b/it' tried instead on input line 72.
 [1

{C:/Users/Benjamin/AppData/Local/MiKTeX/2.9/pdftex/config/pdftex.map}] [2]
<images/dwarffortress.png, id=116, 642.4pt x 301.125pt>
File: images/dwarffortress.png Graphic file (type png)

<use images/dwarffortress.png>
Package pdftex.def Info: images/dwarffortress.png used on input line 117.
(pdftex.def)             Requested size: 138.33876pt x 85.35744pt.
LaTeX Font Info:    Try loading font information for OT1+pcr on input line 119.


("C:\Program Files (x86)\MiKTeX 2.9\tex\latex\psnfss\ot1pcr.fd"
File: ot1pcr.fd 2001/06/04 font definitions for OT1/pcr.
)
Package microtype Info: Loading generic settings for font family
(microtype)             `pcr' (encoding: OT1).
(microtype)             For optimal results, create family-specific settings.
(microtype)             See the microtype manual for details.

("C:\Program Files (x86)\MiKTeX 2.9\tex\latex\microtype\mt-cmr.cfg"
File: mt-cmr.cfg 2013/05/19 v2.2 microtype config. file: Computer Modern Roman 
(RS)
)
LaTeX Font Info:    External font `cmex10' loaded for size
(Font)              <10.95> on input line 119.
LaTeX Font Info:    External font `cmex10' loaded for size
(Font)              <8> on input line 119.
LaTeX Font Info:    External font `cmex10' loaded for size
(Font)              <6> on input line 119.
LaTeX Font Info:    External font `cmex10' loaded for size
(Font)              <12> on input line 121.

<images/nethack3.png, id=119, 400.49625pt x 250.9375pt>
File: images/nethack3.png Graphic file (type png)

<use images/nethack3.png>
Package pdftex.def Info: images/nethack3.png used on input line 124.
(pdftex.def)             Requested size: 138.34245pt x 85.35973pt.
 [3 <./images/dwarffortress.png> <./images/nethack3.png>] [4] [5]
Missing character: There is no ‚ in font ptmr7t-25ls!
Missing character: There is no Ä in font ptmr7t-25ls!
Missing character: There is no ú in font ptmr7t-25ls!
Missing character: There is no ‚ in font ptmr7t-25ls!
Missing character: There is no Ä in font ptmr7t-25ls!
Missing character: There is no ù in font ptmr7t-25ls!
 [6]
LaTeX Font Info:    Try loading font information for OMS+ptm on input line 264.

 ("C:\Program Files (x86)\MiKTeX 2.9\tex\latex\psnfss\omsptm.fd"
File: omsptm.fd 
)
LaTeX Font Info:    Font shape `OMS/ptm/m/n' in size <12> not available
(Font)              Font shape `OMS/cmsy/m/n' tried instead on input line 264.
 [7] <images/cellauto.png, id=147, 722.19812pt x 430.10687pt>
File: images/cellauto.png Graphic file (type png)

<use images/cellauto.png>
Package pdftex.def Info: images/cellauto.png used on input line 274.
(pdftex.def)             Requested size: 361.09818pt x 215.0529pt.
 [8 <./images/cellauto.png>]
<images/diamondsquare.jpg, id=157, 1535.7375pt x 1385.175pt>
File: images/diamondsquare.jpg Graphic file (type jpg)

<use images/diamondsquare.jpg>
Package pdftex.def Info: images/diamondsquare.jpg used on input line 305.
(pdftex.def)             Requested size: 184.44994pt x 166.36177pt.
LaTeX Font Info:    Font shape `OT1/ptm/bx/n' in size <8> not available
(Font)              Font shape `OT1/ptm/b/n' tried instead on input line 318.
 [9] [10 <./images/diamondsquare.jpg>]
<images/undersmoothing.png, id=193, 361.35pt x 214.30063pt>
File: images/undersmoothing.png Graphic file (type png)

<use images/undersmoothing.png>
Package pdftex.def Info: images/undersmoothing.png used on input line 361.
(pdftex.def)             Requested size: 119.89098pt x 85.35902pt.

<images/nosmoothingsmall.png, id=195, 362.35374pt x 215.30438pt>
File: images/nosmoothingsmall.png Graphic file (type png)

<use images/nosmoothingsmall.png>
Package pdftex.def Info: images/nosmoothingsmall.png used on input line 368.
(pdftex.def)             Requested size: 119.88673pt x 85.35803pt.

Underfull \hbox (badness 5446) in paragraph at lines 369--369
[]\OT1/ptm/m/n/10.95/-25ls (+20) (b) |Diamond-square over-world with-out
 []

<images/smoothing.png, id=200, 858.5676pt x 536.7252pt>
File: images/smoothing.png Graphic file (type png)

<use images/smoothing.png>
Package pdftex.def Info: images/smoothing.png used on input line 378.
(pdftex.def)             Requested size: 368.9069pt x 230.61536pt.
 [11 <./images/undersmoothing.png> <./images/nosmoothingsmall.png> <./images/sm
oothing.png>]
<images/dragon.png, id=211, 165.18857pt x 170.92429pt>
File: images/dragon.png Graphic file (type png)
 <use images/dragon.png>
Package pdftex.def Info: images/dragon.png used on input line 404.
(pdftex.def)             Requested size: 119.89095pt x 85.3576pt.

<images/dragonCave.PNG, id=212, 452.18938pt x 424.08438pt>
File: images/dragonCave.PNG Graphic file (type png)

<use images/dragonCave.PNG>
Package pdftex.def Info: images/dragonCave.PNG used on input line 410.
(pdftex.def)             Requested size: 119.88481pt x 85.35893pt.

<images/cavesmoothing.png, id=213, 593.0958pt x 280.4076pt>
File: images/cavesmoothing.png Graphic file (type png)

<use images/cavesmoothing.png>
Package pdftex.def Info: images/cavesmoothing.png used on input line 421.
(pdftex.def)             Requested size: 368.9069pt x 174.4114pt.
 [12 <./images/dragon.png> <./images/dragonCave.PNG> <./images/cavesmoothing.pn
g>]
<images/collaboration.png, id=223, 732.336pt x 351.714pt>
File: images/collaboration.png Graphic file (type png)

<use images/collaboration.png>
Package pdftex.def Info: images/collaboration.png used on input line 464.
(pdftex.def)             Requested size: 368.9069pt x 177.17677pt.

<images/varyingh.png, id=229, 615.7404pt x 370.986pt>
File: images/varyingh.png Graphic file (type png)

<use images/varyingh.png>
Package pdftex.def Info: images/varyingh.png used on input line 477.
(pdftex.def)             Requested size: 368.9069pt x 222.27065pt.
 [13] [14 <./images/collaboration.png> <./images/varyingh.png>] <images/speedte
st.png, id=248, 578.16pt x 456.7464pt>
File: images/speedtest.png Graphic file (type png)

<use images/speedtest.png>
Package pdftex.def Info: images/speedtest.png used on input line 501.
(pdftex.def)             Requested size: 230.56593pt x 182.14474pt.
 [15] [16 <./images/speedtest.png>] [17] [18]
(projectpaper.bbl
Missing character: There is no ‚ in font ptmr7t-25ls!
Missing character: There is no Ä in font ptmr7t-25ls!
Missing character: There is no ì in font ptmr7t-25ls!

Underfull \hbox (badness 10000) in paragraph at lines 22--22
[]| | \OT1/ptm/m/n/12/-25ls (+20) Claghorn, J. (2014), `Frac-tal ter-rain gen-e
r-a-tor  ex-am-ple 9.3 | gen-er-a-tive land-
 []


Underfull \hbox (badness 10000) in paragraph at lines 22--22
\OT1/ptm/m/n/12/-25ls (+20) scapes', []$\OT1/pcr/m/n/12/-25ls https : / / gener
ativelandscapes . wordpress . com / 2014 / 09 / 15 /$
 []

[19]
Underfull \hbox (badness 10000) in paragraph at lines 65--65
[]| | \OT1/ptm/m/n/12/-25ls (+20) .kkrieger (2004), []$\OT1/pcr/m/n/12/-25ls ht
tp : / / web . archive . org / web / 20110717024227 / http :$
 []


Underfull \hbox (badness 7064) in paragraph at lines 78--78
[]| | \OT1/ptm/m/n/12/-25ls (+20) New-zoo (2014), `Global games mar-ket will re
ach $102.9 bil-lion in 2017', []$\OT1/pcr/m/n/12/-25ls http :$
 []

Missing character: There is no ‚ in font ptmr7t-25ls!
Missing character: There is no Ä in font ptmr7t-25ls!
Missing character: There is no î in font ptmr7t-25ls!

Underfull \hbox (badness 3780) in paragraph at lines 98--98
[]| | \OT1/ptm/m/n/12/-25ls (+20) Rogue-Basin (2016), `Cel-lu-lar au-tomata met
hod for gen-er-at-ing ran-dom cave-like lev-els',
 []


Underfull \hbox (badness 10000) in paragraph at lines 98--98
[]$\OT1/pcr/m/n/12/-25ls http : / / www . roguebasin . com / index . php ? titl
e = Cellular _ Automata _$
 []

)
Package atveryend Info: Empty hook `BeforeClearDocument' on input line 615.
 [20]
Package atveryend Info: Empty hook `AfterLastShipout' on input line 615.
 (projectpaper.aux)
Package atveryend Info: Executing hook `AtVeryEndDocument' on input line 615.
Package atveryend Info: Executing hook `AtEndAfterFileList' on input line 615.
Package rerunfilecheck Info: File `projectpaper.out' has not changed.
(rerunfilecheck)             Checksum: 69E0E28C03EF9397776A6E6648F46A27;1637.


LaTeX Warning: Label(s) may have changed. Rerun to get cross-references right.

Package atveryend Info: Empty hook `AtVeryVeryEnd' on input line 615.
 )
(\end occurred inside a group at level 1)

### simple group (level 1) entered at line 1061 ({)
### bottom level 
Here is how much of TeX's memory you used:
 10536 strings out of 493673
 166481 string characters out of 3141521
 302030 words of memory out of 3000000
 13294 multiletter control sequences out of 15000+200000
 52745 words of font info for 327 fonts, out of 3000000 for 9000
 1025 hyphenation exceptions out of 8191
 45i,14n,77p,2000b,2909s stack positions out of 5000i,500n,10000p,200000b,50000s
{C:/Program Files (x86)/MiKTeX 2.9/fonts/enc/dvips/fontname/8r.
enc}<C:/Program Files (x86)/MiKTeX 2.9/fonts/type1/public/amsfonts/cm/cmmi12.pf
b><C:/Program Files (x86)/MiKTeX 2.9/fonts/type1/public/amsfonts/cm/cmmi8.pfb><
C:/Program Files (x86)/MiKTeX 2.9/fonts/type1/public/amsfonts/cm/cmr12.pfb><C:/
Program Files (x86)/MiKTeX 2.9/fonts/type1/public/amsfonts/cm/cmr6.pfb><C:/Prog
ram Files (x86)/MiKTeX 2.9/fonts/type1/public/amsfonts/cm/cmr8.pfb><C:/Program 
Files (x86)/MiKTeX 2.9/fonts/type1/public/amsfonts/cm/cmsy10.pfb><C:/Program Fi
les (x86)/MiKTeX 2.9/fonts/type1/urw/courier/ucrr8a.pfb><C:/Program Files (x86)
/MiKTeX 2.9/fonts/type1/urw/times/utmb8a.pfb><C:/Program Files (x86)/MiKTeX 2.9
/fonts/type1/urw/times/utmbi8a.pfb><C:/Program Files (x86)/MiKTeX 2.9/fonts/typ
e1/urw/times/utmr8a.pfb><C:/Program Files (x86)/MiKTeX 2.9/fonts/type1/urw/time
s/utmri8a.pfb>
Output written on projectpaper.pdf (20 pages, 2998392 bytes).
PDF statistics:
 376 PDF objects out of 1000 (max. 8388607)
 101 named destinations out of 1000 (max. 500000)
 37642 words of extra memory for PDF output out of 42996 (max. 10000000)

