\BOOKMARK [1][-]{section.1}{Introduction}{}% 1
\BOOKMARK [2][-]{subsection.1.1}{Roguelike Games}{section.1}% 2
\BOOKMARK [2][-]{subsection.1.2}{Procedural Content Generation}{section.1}% 3
\BOOKMARK [2][-]{subsection.1.3}{Contribution Direction}{section.1}% 4
\BOOKMARK [2][-]{subsection.1.4}{Deliverables}{section.1}% 5
\BOOKMARK [1][-]{section.2}{Related Work}{}% 6
\BOOKMARK [1][-]{section.3}{Solution}{}% 7
\BOOKMARK [2][-]{subsection.3.1}{Specification of Software}{section.3}% 8
\BOOKMARK [2][-]{subsection.3.2}{Methodology}{section.3}% 9
\BOOKMARK [2][-]{subsection.3.3}{Noise and Smoothing Algorithms}{section.3}% 10
\BOOKMARK [3][-]{subsubsection.3.3.1}{Cellular Automata}{subsection.3.3}% 11
\BOOKMARK [3][-]{subsubsection.3.3.2}{Diamond-Square Algorithm}{subsection.3.3}% 12
\BOOKMARK [2][-]{subsection.3.4}{Hybridisation}{section.3}% 13
\BOOKMARK [2][-]{subsection.3.5}{Space-Filling Curves}{section.3}% 14
\BOOKMARK [2][-]{subsection.3.6}{Testing}{section.3}% 15
\BOOKMARK [2][-]{subsection.3.7}{Solution Pipeline}{section.3}% 16
\BOOKMARK [1][-]{section.4}{Results}{}% 17
\BOOKMARK [2][-]{subsection.4.1}{Visualisation of Parameter Sensitivity}{section.4}% 18
\BOOKMARK [2][-]{subsection.4.2}{Time Complexity}{section.4}% 19
\BOOKMARK [1][-]{section.5}{Evaluation}{}% 20
\BOOKMARK [2][-]{subsection.5.1}{Suitability of Approach}{section.5}% 21
\BOOKMARK [2][-]{subsection.5.2}{Strengths}{section.5}% 22
\BOOKMARK [2][-]{subsection.5.3}{Limitations}{section.5}% 23
\BOOKMARK [2][-]{subsection.5.4}{Discussion of Techniques}{section.5}% 24
\BOOKMARK [2][-]{subsection.5.5}{Conclusion}{section.5}% 25
